<?xml version="1.0" encoding="utf-8"?><testsuites><testsuite name="pytest" errors="1" failures="0" skipped="0" tests="1" time="3.519" timestamp="2025-09-20T11:28:57.784845+03:00" hostname="Victus"><testcase classname="" name="test_db_invariants" time="0.000"><error message="collection failure">ImportError while importing test module 'D:\home\ubuntu\gaara_erp_v5\gaara_erp\test_db_invariants.py'.
Hint: make sure your test modules/packages have valid Python names.
Traceback:
C:\Users\hadym\AppData\Local\Programs\Python\Python311\Lib\importlib\__init__.py:126: in import_module
    return _bootstrap._gcd_import(name[level:], package, level)
gaara_erp\test_db_invariants.py:4: in &lt;module&gt;
    from model_bakery import baker
E   ModuleNotFoundError: No module named 'model_bakery'</error></testcase></testsuite></testsuites>